#
# There is insufficient memory for the Java Runtime Environment to continue.
# Native memory allocation (mmap) failed to map 268435456 bytes for G1 virtual space
# Possible reasons:
#   The system is out of physical RAM or swap space
#   The process is running with CompressedOops enabled, and the Java Heap may be blocking the growth of the native heap
# Possible solutions:
#   Reduce memory load on the system
#   Increase physical memory or swap space
#   Check if swap backing store is full
#   Decrease Java heap size (-Xmx/-Xms)
#   Decrease number of Java threads
#   Decrease Java thread stack sizes (-Xss)
#   Set larger code cache with -XX:ReservedCodeCacheSize=
#   JVM is running with Zero Based Compressed Oops mode in which the Java heap is
#     placed in the first 32GB address space. The Java Heap base address is the
#     maximum limit for the native heap growth. Please use -XX:HeapBaseMinAddress
#     to set the Java Heap base and to place the Java Heap above 32GB virtual address.
# This output file may be truncated or incomplete.
#
#  Out of Memory Error (os_windows.cpp:3530), pid=24248, tid=24228
#
# JRE version:  (18.0.1+10) (build )
# Java VM: OpenJDK 64-Bit Server VM (18.0.1+10, mixed mode, sharing, tiered, compressed oops, compressed class ptrs, g1 gc, windows-amd64)
# No core dump will be written. Minidumps are not enabled by default on client versions of Windows
#

---------------  S U M M A R Y ------------

Command Line: -Dfile.encoding=UTF-8 -XX:+ShowCodeDetailsInExceptionMessages main.Principale

Host: Intel(R) Core(TM) i7-7700HQ CPU @ 2.80GHz, 8 cores, 15G,  Windows 10 , 64 bit Build 19041 (10.0.19041.1706)
Time: Wed Jun  1 00:00:12 2022 Paris, Madrid (heure duild 19041 (10.0.19041.1706) elapsed time: 0.020523 seconds (0d 0h 0m 0s)

---------------  T H R E A D  ---------------

Current thread (0x000001db4f8c0e20):  JavaThread "Unknown thread" [_thread_in_vm, id=24228, stack(0x0000008ab3700000,0x0000008ab3800000)]

Stack: [0x0000008ab3700000,0x0000008ab3800000]
Native frames: (J=compiled Java code, j=interpreted, Vv=VM code, C=native code)
V  [jvm.dll+0x69cd4a]
V  [jvm.dll+0x84b63d]
V  [jvm.dll+0x84cf4e]
V  [jvm.dll+0x84d603]
V  [jvm.dll+0x25f19f]
V  [jvm.dll+0x699bb9]
V  [jvm.dll+0x68e6ea]
V  [jvm.dll+0x324e1b]
V  [jvm.dll+0x32c826]
V  [jvm.dll+0x38127e]
V  [jvm.dll+0x3814af]
V  [jvm.dll+0x2fcaba]
V  [jvm.dll+0x2fdb1d]
V  [jvm.dll+0x81a290]
V  [jvm.dll+0x38e611]
V  [jvm.dll+0x7f8f63]
V  [jvm.dll+0x41045f]
V  [jvm.dll+0x411f11]
C  [jli.dll+0x5267]
C  [ucrtbase.dll+0x21bb2]
C  [KERNEL32.DLL+0x17034]
C  [ntdll.dll+0x52651]


---------------  P R O C E S S  ---------------

Threads class SMR info:
_java_thread_list=0x00007ffaa560de10, length=0, elements={
}

Java Threads: ( => current thread )

Other Threads:
  0x000001db4f9320f0 WorkerThread "GC Thread#0" [stack: 0x0000008ab3800000,0x0000008ab3900000] [id=24212]
  0x000001db4f943510 ConcurrentGCThread "G1 Main Marker" [stack: 0x0000008ab3900000,0x0000008ab3a00000] [id=23116]
  0x000001db4f943e10 WorkerThread "G1 Conc#0" [stack: 0x0000008ab3a00000,0x0000008ab3b00000] [id=23876]

[error occurred during error reporting (printing all threads), id 0xc0000005, EXCEPTION_ACCESS_VIOLATION (0xc0000005) at pc=0x00007ffaa4dcd0e7]

VM state: not at safepoint (not fully initialized)

VM Mutex/Monitor currently owned by a thread:  ([mutex/lock_event])
[0x000001db4f8bb880] Heap_lock - owner thread: 0x000001db4f8c0e20

Heap address: 0x0000000701c00000, size: 4068 MB, Compressed Oops mode: Zero based, Oop shift amount: 3

CDS archive(s) mapped at: [0x0000000000000000-0x0000000000000000-0x0000000000000000), size 0, SharedBaseAddress: 0x0000000800000000, ArchiveRelocationMode: 0.
Narrow klass base: 0x0000000000000000, Narrow klass shift: 0, Narrow klass range: 0x0

GC Precious Log:
 CardTable entry size: 512
 Card Set container configuration: InlinePtr #cards 4 size 8 Array Of Cards #cards 16 size 48 Howl #buckets 8 coarsen threshold 3686 Howl Bitmap #cards 512 size 80 coarsen threshold 460 Card regions per heap region 1 cards per card region 4096

Heap:
 garbage-first heap   total 0K, used 0K [0x0000000701c00000, 0x0000000800000000)
  region size 2048K, 0 young (0K), 0 survivors (0K)

[error occurred during error reporting (printing heap information), id 0xc0000005, EXCEPTION_ACCESS_VIOLATION (0xc0000005) at pc=0x00007ffaa51b5109]

GC Heap History (0 events):
No events

Deoptimization events (0 events):
No events

Classes loaded (0 events):
No events

Classes unloaded (0 events):
No events

Classes redefined (0 events):
No events

Internal exceptions (0 events):
No events

VM Operations (0 events):
No events

Events (1 events):
Event: 0.009 Loaded shared library C:\Users\ludov\.p2\pool\plugins\org.eclipse.justj.openjdk.hotspot.jre.full.win32.x86_64_18.0.1.v20220515-1614\jre\bin\java.dll


Dynamic libraries:
0x00007ff66a540000 - 0x00007ff66a54e000 	C:\Users\ludov\.p2\pool\plugins\org.eclipse.justj.openjdk.hotspot.jre.full.win32.x86_64_18.0.1.v20220515-1614\jre\bin\javaw.exe
0x00007ffb1a610000 - 0x00007ffb1a805000 	C:\WINDOWS\SYSTEM32\ntdll.dll
0x00007ffb1a4e0000 - 0x00007ffb1a59d000 	C:\WINDOWS\System32\KERNEL32.DLL
0x00007ffb18230000 - 0x00007ffb184fd000 	C:\WINDOWS\System32\KERNELBASE.dll
0x00007ffb18020000 - 0x00007ffb18120000 	C:\WINDOWS\System32\ucrtbase.dll
0x00007ffafebf0000 - 0x00007ffafec07000 	C:\Users\ludov\.p2\pool\plugins\org.eclipse.justj.openjdk.hotspot.jre.full.win32.x86_64_18.0.1.v20220515-1614\jre\bin\jli.dll
0x00007ffaf9890000 - 0x00007ffaf98a9000 	C:\Users\ludov\.p2\pool\plugins\org.eclipse.justj.openjdk.hotspot.jre.full.win32.x86_64_18.0.1.v20220515-1614\jre\bin\VCRUNTIME140.dll
0x00007ffb19df0000 - 0x00007ffb19f90000 	C:\WINDOWS\System32\USER32.dll
0x00007ffb05960000 - 0x00007ffb05bfa000 	C:\WINDOWS\WinSxS\amd64_microsoft.windows.common-controls_6595b64144ccf1df_6.0.19041.1110_none_60b5254171f9507e\COMCTL32.dll
0x00007ffb18590000 - 0x00007ffb185b2000 	C:\WINDOWS\System32\win32u.dll
0x00007ffb197f0000 - 0x00007ffb1981a000 	C:\WINDOWS\System32\GDI32.dll
0x00007ffb19c80000 - 0x00007ffb19d1e000 	C:\WINDOWS\System32\msvcrt.dll
0x00007ffb18120000 - 0x00007ffb1822b000 	C:\WINDOWS\System32\gdi32full.dll
0x00007ffb186b0000 - 0x00007ffb1874d000 	C:\WINDOWS\System32\msvcp_win.dll
0x00007ffb1a5a0000 - 0x00007ffb1a5d0000 	C:\WINDOWS\System32\IMM32.DLL
0x00007ffb08bd0000 - 0x00007ffb08bdc000 	C:\Users\ludov\.p2\pool\plugins\org.eclipse.justj.openjdk.hotspot.jre.full.win32.x86_64_18.0.1.v20220515-1614\jre\bin\vcruntime140_1.dll
0x00007ffaa3be0000 - 0x00007ffaa3c71000 	C:\Users\ludov\.p2\pool\plugins\org.eclipse.justj.openjdk.hotspot.jre.full.win32.x86_64_18.0.1.v20220515-1614\jre\bin\msvcp140.dll
0x00007ffaa4ac0000 - 0x00007ffaa5749000 	C:\Users\ludov\.p2\pool\plugins\org.eclipse.justj.openjdk.hotspot.jre.full.win32.x86_64_18.0.1.v20220515-1614\jre\bin\server\jvm.dll
0x00007ffb19240000 - 0x00007ffb192ee000 	C:\WINDOWS\System32\ADVAPI32.dll
0x00007ffb19820000 - 0x00007ffb198bc000 	C:\WINDOWS\System32\sechost.dll
0x00007ffb18750000 - 0x00007ffb18875000 	C:\WINDOWS\System32\RPCRT4.dll
0x00007ffb194a0000 - 0x00007ffb194a8000 	C:\WINDOWS\System32\PSAPI.DLL
0x00007ffb11080000 - 0x00007ffb1108a000 	C:\WINDOWS\SYSTEM32\VERSION.dll
0x00007ffb155d0000 - 0x00007ffb155d9000 	C:\WINDOWS\SYSTEM32\WSOCK32.dll
0x00007ffb079e0000 - 0x00007ffb07a07000 	C:\WINDOWS\SYSTEM32\WINMM.dll
0x00007ffb1a410000 - 0x00007ffb1a47b000 	C:\WINDOWS\System32\WS2_32.dll
0x00007ffb166d0000 - 0x00007ffb166e2000 	C:\WINDOWS\SYSTEM32\kernel.appcore.dll
0x00007ffb13b60000 - 0x00007ffb13b6a000 	C:\Users\ludov\.p2\pool\plugins\org.eclipse.justj.openjdk.hotspot.jre.full.win32.x86_64_18.0.1.v20220515-1614\jre\bin\jimage.dll
0x00007ffb06160000 - 0x00007ffb06344000 	C:\WINDOWS\SYSTEM32\DBGHELP.DLL
0x00007ffb05d70000 - 0x00007ffb05d9c000 	C:\WINDOWS\SYSTEM32\dbgcore.DLL
0x00007ffb18500000 - 0x00007ffb18582000 	C:\WINDOWS\System32\bcryptPrimitives.dll
0x00007ffb08c00000 - 0x00007ffb08c25000 	C:\Users\ludov\.p2\pool\plugins\org.eclipse.justj.openjdk.hotspot.jre.full.win32.x86_64_18.0.1.v20220515-1614\jre\bin\java.dll

dbghelp: loaded successfully - version: 4.0.5 - missing functions: none
symbol engine: initialized successfully - sym options: 0x614 - pdb path: .;C:\Users\ludov\.p2\pool\plugins\org.eclipse.justj.openjdk.hotspot.jre.full.win32.x86_64_18.0.1.v20220515-1614\jre\bin;C:\WINDOWS\SYSTEM32;C:\WINDOWS\WinSxS\amd64_microsoft.windows.common-controls_6595b64144ccf1df_6.0.19041.1110_none_60b5254171f9507e;C:\Users\ludov\.p2\pool\plugins\org.eclipse.justj.openjdk.hotspot.jre.full.win32.x86_64_18.0.1.v20220515-1614\jre\bin\server

VM Arguments:
jvm_args: -Dfile.encoding=UTF-8 -XX:+ShowCodeDetailsInExceptionMessages 
java_command: main.Principale
java_class_path (initial): C:\Users\ludov\eclipse-workspace\FM_API\bin;C:\Users\ludov\eclipse-workspace\FM_API\bson-4.5.1.jar;C:\Users\ludov\eclipse-workspace\FM_API\mongodb-driver-core-4.5.1.jar;C:\Users\ludov\eclipse-workspace\FM_API\mongodb-driver-sync-4.5.1.jar
Launcher Type: SUN_STANDARD

[Global flags]
     intx CICompilerCount                          = 4                                         {product} {ergonomic}
     uint ConcGCThreads                            = 2                                         {product} {ergonomic}
     uint G1ConcRefinementThreads                  = 8                                         {product} {ergonomic}
   size_t G1HeapRegionSize                         = 2097152                                   {product} {ergonomic}
    uintx GCDrainStackTargetSize                   = 64                                        {product} {ergonomic}
   size_t InitialHeapSize                          = 268435456                                 {product} {ergonomic}
   size_t MarkStackSize                            = 4194304                                   {product} {ergonomic}
   size_t MaxHeapSize                              = 4265607168                                {product} {ergonomic}
   size_t MinHeapDeltaBytes                        = 2097152                                   {product} {ergonomic}
   size_t MinHeapSize                              = 8388608                                   {product} {ergonomic}
    uintx NonNMethodCodeHeapSize                   = 5839372                                {pd product} {ergonomic}
    uintx NonProfiledCodeHeapSize                  = 122909434                              {pd product} {ergonomic}
    uintx ProfiledCodeHeapSize                     = 122909434                              {pd product} {ergonomic}
    uintx ReservedCodeCacheSize                    = 251658240                              {pd product} {ergonomic}
     bool SegmentedCodeCache                       = true                                      {product} {ergonomic}
     bool ShowCodeDetailsInExceptionMessages       = true                                   {manageable} {command line}
   size_t SoftMaxHeapSize                          = 4265607168                             {manageable} {ergonomic}
     bool UseCompressedClassPointers               = true                           {product lp64_product} {ergonomic}
     bool UseCompressedOops                        = true                           {product lp64_product} {ergonomic}
     bool UseG1GC                                  = true                                      {product} {ergonomic}
     bool UseLargePagesIndividualAllocation        = false                                  {pd product} {ergonomic}

Logging:
Log output configuration:
 #0: stdout all=warning uptime,level,tags foldmultilines=false
 #1: stderr all=off uptime,level,tags foldmultilines=false

Environment Variables:
PATH=C:/Users/ludov/.p2/pool/plugins/org.eclipse.justj.openjdk.hotspot.jre.full.win32.x86_64_18.0.1.v20220515-1614/jre/bin/server;C:/Users/ludov/.p2/pool/plugins/org.eclipse.justj.openjdk.hotspot.jre.full.win32.x86_64_18.0.1.v20220515-1614/jre/bin;C:\Program Files (x86)\Intel\iCLS Client\;C:\Program Files\Intel\iCLS Client\;C:\Windows\system32;C:\Windows;C:\Windows\System32\Wbem;C:\Windows\System32\WindowsPowerShell\v1.0\;C:\Program Files (x86)\NVIDIA Corporation\PhysX\Common;C:\Program Files (x86)\Intel\Intel(R) Management Engine Components\DAL;C:\Program Files\Intel\Intel(R) Management Engine Components\DAL;C:\Program Files (x86)\Intel\Intel(R) Management Engine Components\IPT;C:\Program Files\Intel\Intel(R) Management Engine Components\IPT;C:\WINDOWS\system32;C:\WINDOWS;C:\WINDOWS\System32\Wbem;C:\WINDOWS\System32\WindowsPowerShell\v1.0\;C:\WINDOWS\System32\OpenSSH\;C:\OpenSSH-Win64;C:\Program Files\Git\cmd;C:\Program Files\dotnet\;C:\Program Files\NVIDIA Corporation\NVIDIA NvDLISR;C:\Program Files\nodejs\;C:\Users\ludov\AppData\Local\Microsoft\WindowsApps;;C:\Users\ludov\AppData\Local\Programs\Microsoft VS Code\bin;C:\Users\ludov\AppData\Roaming\npm;C:\WINDOWS\System32;
USERNAME=ludov
OS=Windows_NT
PROCESSOR_IDENTIFIER=Intel64 Family 6 Model 158 Stepping 9, GenuineIntel



---------------  S Y S T E M  ---------------

OS:
 Windows 10 , 64 bit Build 19041 (10.0.19041.1706)
OS uptime: 1 days 4:41 hours

CPU: total 8 (initial active 8) (4 cores per cpu, 2 threads per core) family 6 model 158 stepping 9 microcode 0xb4, cx8, cmov, fxsr, ht, mmx, 3dnowpref, sse, sse2, sse3, ssse3, sse4.1, sse4.2, popcnt, lzcnt, tsc, tscinvbit, avx, avx2, aes, erms, clmul, bmi1, bmi2, adx, fma, vzeroupper, clflush, clflushopt

Memory: 4k page, system-wide physical 16269M (3744M free)
TotalPageFile size 31190M (AvailPageFile size 153M)
current process WorkingSet (physical memory assigned to process): 10M, peak: 10M
current process commit charge ("private bytes"): 60M, peak: 316M

vm_info: OpenJDK 64-Bit Server VM (18.0.1+10) for windows-amd64 JRE (18.0.1+10), built on Apr 20 2022 05:04:48 by "" with MS VC++ 16.7 (VS2019)

END.
